<?xml version="1.0" encoding="UTF-8"?>
<Site BuildName="(empty)"
	BuildStamp="20231029-2309-Experimental"
	Name="(empty)"
	Generator="ctest-3.22.1"
	CompilerName=""
	CompilerVersion=""
	OSName="Linux"
	Hostname="Vinicius-PC"
	OSRelease="5.10.102.1-microsoft-standard-WSL2"
	OSVersion="#1 SMP Wed Mar 2 00:30:59 UTC 2022"
	OSPlatform="x86_64"
	Is64Bits="1"
	VendorString="GenuineIntel"
	VendorID="Intel Corporation"
	FamilyID="6"
	ModelID="158"
	ProcessorCacheSize="12288"
	NumberOfLogicalCPU="12"
	NumberOfPhysicalCPU="6"
	TotalVirtualMemory="4096"
	TotalPhysicalMemory="15918"
	LogicalProcessorsPerPhysical="2"
	ProcessorClockFrequency="2592.01"
	>
	<Testing>
		<StartDateTime>Oct 29 20:09 -03</StartDateTime>
		<StartTestTime>1698620949</StartTestTime>
		<TestList/>
		<EndDateTime>Oct 29 20:09 -03</EndDateTime>
		<EndTestTime>1698620949</EndTestTime>
		<ElapsedMinutes>0</ElapsedMinutes>
	</Testing>
</Site>
